<?xml version="1.0" encoding="UTF-8"?>
<testng-results ignored="0" total="1" passed="1" failed="0" skipped="0">
  <reporter-output>
  </reporter-output>
  <suite started-at="2023-10-04T17:11:57 EET" name="Default suite" finished-at="2023-10-04T17:12:03 EET" duration-ms="6764">
    <groups>
    </groups>
    <test started-at="2023-10-04T17:11:57 EET" name="Default test" finished-at="2023-10-04T17:12:03 EET" duration-ms="6764">
      <class name="SignupTest_Cases">
        <test-method is-config="true" signature="mySetup()[pri:0, instance:SignupTest_Cases@4cee7fa0]" started-at="2023-10-04T17:11:57 EET" name="mySetup" finished-at="2023-10-04T17:12:00 EET" duration-ms="3413" status="PASS">
          <reporter-output>
          </reporter-output>
        </test-method> <!-- mySetup -->
        <test-method signature="CreatOneContact()[pri:0, instance:SignupTest_Cases@4cee7fa0]" started-at="2023-10-04T17:12:00 EET" name="CreatOneContact" finished-at="2023-10-04T17:12:03 EET" duration-ms="3304" status="PASS">
          <reporter-output>
          </reporter-output>
        </test-method> <!-- CreatOneContact -->
        <test-method is-config="true" signature="MyAfterTest()[pri:0, instance:SignupTest_Cases@4cee7fa0]" started-at="2023-10-04T17:12:03 EET" name="MyAfterTest" finished-at="2023-10-04T17:12:03 EET" duration-ms="1" status="PASS">
          <reporter-output>
          </reporter-output>
        </test-method> <!-- MyAfterTest -->
      </class> <!-- SignupTest_Cases -->
    </test> <!-- Default test -->
  </suite> <!-- Default suite -->
</testng-results>
